# JRE version: OpenJDK Runtime Environment Temurin-17.0.7+7 (17.0.7+7) (build 17.0.7+7)
# Java VM: OpenJDK 64-Bit Server VM Temurin-17.0.7+7 (17.0.7+7, mixed mode, tiered, compressed oops, compressed class ptrs, parallel gc, windows-amd64)
GC Precious Log:
 CPUs: 4 total, 4 available
 Memory: 3863M
 Large Page Support: Disabled
 NUMA Support: Disabled
 Compressed Oops: Enabled (32-bit)
 Alignments: Space 512K, Generation 512K, Heap 2M
 Heap Min Capacity: 100M
 Heap Initial Capacity: 100M
 Heap Max Capacity: 1G
 Pre-touch: Disabled
 Parallel Workers: 4
Heap:
 PSYoungGen      total 2048K, used 1663K [0x00000000eab00000, 0x00000000eaf00000, 0x0000000100000000)
  eden space 1536K, 77% used [0x00000000eab00000,0x00000000eac27c90,0x00000000eac80000)
  from space 512K, 93% used [0x00000000eae80000,0x00000000eaef8000,0x00000000eaf00000)
  to   space 512K, 0% used [0x00000000eae00000,0x00000000eae00000,0x00000000eae80000)
 ParOldGen       total 433664K, used 405301K [0x00000000c0000000, 0x00000000da780000, 0x00000000eab00000)
  object space 433664K, 93% used [0x00000000c0000000,0x00000000d8bcd538,0x00000000da780000)
 Metaspace       used 70770K, committed 71936K, reserved 1114112K
  class space    used 7543K, committed 8064K, reserved 1048576K
GC Heap History (20 events):
Event: 214.691 GC heap before
{Heap before GC invocations=182 (full 9):
 PSYoungGen      total 2560K, used 2480K [0x00000000eab00000, 0x00000000eb000000, 0x0000000100000000)
  eden space 1536K, 100% used [0x00000000eab00000,0x00000000eac80000,0x00000000eac80000)
  from space 1024K, 92% used [0x00000000eac80000,0x00000000ead6c000,0x00000000ead80000)
  to   space 1536K, 0% used [0x00000000eae80000,0x00000000eae80000,0x00000000eb000000)
 ParOldGen       total 433664K, used 403733K [0x00000000c0000000, 0x00000000da780000, 0x00000000eab00000)
  object space 433664K, 93% used [0x00000000c0000000,0x00000000d8a45550,0x00000000da780000)
 Metaspace       used 68841K, committed 69888K, reserved 1114112K
  class space    used 7267K, committed 7744K, reserved 1048576K
}
Event: 214.699 GC heap after
{Heap after GC invocations=182 (full 9):
 PSYoungGen      total 2048K, used 224K [0x00000000eab00000, 0x00000000eaf00000, 0x0000000100000000)
  eden space 1536K, 0% used [0x00000000eab00000,0x00000000eab00000,0x00000000eac80000)
  from space 512K, 43% used [0x00000000eae80000,0x00000000eaeb8000,0x00000000eaf00000)
  to   space 1024K, 0% used [0x00000000ead00000,0x00000000ead00000,0x00000000eae00000)
 ParOldGen       total 433664K, used 404626K [0x00000000c0000000, 0x00000000da780000, 0x00000000eab00000)
  object space 433664K, 93% used [0x00000000c0000000,0x00000000d8b249d0,0x00000000da780000)
 Metaspace       used 68841K, committed 69888K, reserved 1114112K
  class space    used 7267K, committed 7744K, reserved 1048576K
}
Event: 215.114 GC heap before
{Heap before GC invocations=183 (full 9):
 PSYoungGen      total 2048K, used 1760K [0x00000000eab00000, 0x00000000eaf00000, 0x0000000100000000)
  eden space 1536K, 100% used [0x00000000eab00000,0x00000000eac80000,0x00000000eac80000)
  from space 512K, 43% used [0x00000000eae80000,0x00000000eaeb8000,0x00000000eaf00000)
  to   space 1024K, 0% used [0x00000000ead00000,0x00000000ead00000,0x00000000eae00000)
 ParOldGen       total 433664K, used 404626K [0x00000000c0000000, 0x00000000da780000, 0x00000000eab00000)
  object space 433664K, 93% used [0x00000000c0000000,0x00000000d8b249d0,0x00000000da780000)
 Metaspace       used 68981K, committed 70016K, reserved 1114112K
  class space    used 7273K, committed 7744K, reserved 1048576K
}
Event: 215.119 GC heap after
{Heap after GC invocations=183 (full 9):
 PSYoungGen      total 2560K, used 320K [0x00000000eab00000, 0x00000000eaf00000, 0x0000000100000000)
  eden space 1536K, 0% used [0x00000000eab00000,0x00000000eab00000,0x00000000eac80000)
  from space 1024K, 31% used [0x00000000ead00000,0x00000000ead50000,0x00000000eae00000)
  to   space 512K, 0% used [0x00000000eae80000,0x00000000eae80000,0x00000000eaf00000)
 ParOldGen       total 433664K, used 404773K [0x00000000c0000000, 0x00000000da780000, 0x00000000eab00000)
  object space 433664K, 93% used [0x00000000c0000000,0x00000000d8b49528,0x00000000da780000)
 Metaspace       used 68981K, committed 70016K, reserved 1114112K
  class space    used 7273K, committed 7744K, reserved 1048576K
}
Event: 215.278 GC heap before
{Heap before GC invocations=184 (full 9):
 PSYoungGen      total 2560K, used 1856K [0x00000000eab00000, 0x00000000eaf00000, 0x0000000100000000)
  eden space 1536K, 100% used [0x00000000eab00000,0x00000000eac80000,0x00000000eac80000)
  from space 1024K, 31% used [0x00000000ead00000,0x00000000ead50000,0x00000000eae00000)
  to   space 512K, 0% used [0x00000000eae80000,0x00000000eae80000,0x00000000eaf00000)
 ParOldGen       total 433664K, used 404773K [0x00000000c0000000, 0x00000000da780000, 0x00000000eab00000)
  object space 433664K, 93% used [0x00000000c0000000,0x00000000d8b49528,0x00000000da780000)
 Metaspace       used 69245K, committed 70336K, reserved 1114112K
  class space    used 7302K, committed 7808K, reserved 1048576K
}
Event: 215.282 GC heap after
{Heap after GC invocations=184 (full 9):
 PSYoungGen      total 2048K, used 384K [0x00000000eab00000, 0x00000000eaf00000, 0x0000000100000000)
  eden space 1536K, 0% used [0x00000000eab00000,0x00000000eab00000,0x00000000eac80000)
  from space 512K, 75% used [0x00000000eae80000,0x00000000eaee0000,0x00000000eaf00000)
  to   space 512K, 0% used [0x00000000eae00000,0x00000000eae00000,0x00000000eae80000)
 ParOldGen       total 433664K, used 404781K [0x00000000c0000000, 0x00000000da780000, 0x00000000eab00000)
  object space 433664K, 93% used [0x00000000c0000000,0x00000000d8b4b528,0x00000000da780000)
 Metaspace       used 69245K, committed 70336K, reserved 1114112K
  class space    used 7302K, committed 7808K, reserved 1048576K
}
Event: 224.350 GC heap before
{Heap before GC invocations=185 (full 9):
 PSYoungGen      total 2048K, used 1920K [0x00000000eab00000, 0x00000000eaf00000, 0x0000000100000000)
  eden space 1536K, 100% used [0x00000000eab00000,0x00000000eac80000,0x00000000eac80000)
  from space 512K, 75% used [0x00000000eae80000,0x00000000eaee0000,0x00000000eaf00000)
  to   space 512K, 0% used [0x00000000eae00000,0x00000000eae00000,0x00000000eae80000)
 ParOldGen       total 433664K, used 404781K [0x00000000c0000000, 0x00000000da780000, 0x00000000eab00000)
  object space 433664K, 93% used [0x00000000c0000000,0x00000000d8b4b528,0x00000000da780000)
 Metaspace       used 69267K, committed 70336K, reserved 1114112K
  class space    used 7302K, committed 7808K, reserved 1048576K
}
Event: 224.362 GC heap after
{Heap after GC invocations=185 (full 9):
 PSYoungGen      total 2048K, used 384K [0x00000000eab00000, 0x00000000eaf00000, 0x0000000100000000)
  eden space 1536K, 0% used [0x00000000eab00000,0x00000000eab00000,0x00000000eac80000)
  from space 512K, 75% used [0x00000000eae00000,0x00000000eae60000,0x00000000eae80000)
  to   space 512K, 0% used [0x00000000eae80000,0x00000000eae80000,0x00000000eaf00000)
 ParOldGen       total 433664K, used 404781K [0x00000000c0000000, 0x00000000da780000, 0x00000000eab00000)
  object space 433664K, 93% used [0x00000000c0000000,0x00000000d8b4b528,0x00000000da780000)
 Metaspace       used 69267K, committed 70336K, reserved 1114112K
  class space    used 7302K, committed 7808K, reserved 1048576K
}
Event: 224.531 GC heap before
{Heap before GC invocations=186 (full 9):
 PSYoungGen      total 2048K, used 1920K [0x00000000eab00000, 0x00000000eaf00000, 0x0000000100000000)
  eden space 1536K, 100% used [0x00000000eab00000,0x00000000eac80000,0x00000000eac80000)
  from space 512K, 75% used [0x00000000eae00000,0x00000000eae60000,0x00000000eae80000)
  to   space 512K, 0% used [0x00000000eae80000,0x00000000eae80000,0x00000000eaf00000)
 ParOldGen       total 433664K, used 404781K [0x00000000c0000000, 0x00000000da780000, 0x00000000eab00000)
  object space 433664K, 93% used [0x00000000c0000000,0x00000000d8b4b528,0x00000000da780000)
 Metaspace       used 69456K, committed 70528K, reserved 1114112K
  class space    used 7329K, committed 7808K, reserved 1048576K
}
Event: 224.540 GC heap after
{Heap after GC invocations=186 (full 9):
 PSYoungGen      total 2048K, used 448K [0x00000000eab00000, 0x00000000eaf00000, 0x0000000100000000)
  eden space 1536K, 0% used [0x00000000eab00000,0x00000000eab00000,0x00000000eac80000)
  from space 512K, 87% used [0x00000000eae80000,0x00000000eaef0000,0x00000000eaf00000)
  to   space 512K, 0% used [0x00000000eae00000,0x00000000eae00000,0x00000000eae80000)
 ParOldGen       total 433664K, used 404781K [0x00000000c0000000, 0x00000000da780000, 0x00000000eab00000)
  object space 433664K, 93% used [0x00000000c0000000,0x00000000d8b4b528,0x00000000da780000)
 Metaspace       used 69456K, committed 70528K, reserved 1114112K
  class space    used 7329K, committed 7808K, reserved 1048576K
}
Event: 224.676 GC heap before
{Heap before GC invocations=187 (full 9):
 PSYoungGen      total 2048K, used 1983K [0x00000000eab00000, 0x00000000eaf00000, 0x0000000100000000)
  eden space 1536K, 99% used [0x00000000eab00000,0x00000000eac7fed0,0x00000000eac80000)
  from space 512K, 87% used [0x00000000eae80000,0x00000000eaef0000,0x00000000eaf00000)
  to   space 512K, 0% used [0x00000000eae00000,0x00000000eae00000,0x00000000eae80000)
 ParOldGen       total 433664K, used 404781K [0x00000000c0000000, 0x00000000da780000, 0x00000000eab00000)
  object space 433664K, 93% used [0x00000000c0000000,0x00000000d8b4b528,0x00000000da780000)
 Metaspace       used 69574K, committed 70656K, reserved 1114112K
  class space    used 7341K, committed 7872K, reserved 1048576K
}
Event: 224.681 GC heap after
{Heap after GC invocations=187 (full 9):
 PSYoungGen      total 2048K, used 512K [0x00000000eab00000, 0x00000000eaf00000, 0x0000000100000000)
  eden space 1536K, 0% used [0x00000000eab00000,0x00000000eab00000,0x00000000eac80000)
  from space 512K, 100% used [0x00000000eae00000,0x00000000eae80000,0x00000000eae80000)
  to   space 512K, 0% used [0x00000000eae80000,0x00000000eae80000,0x00000000eaf00000)
 ParOldGen       total 433664K, used 404997K [0x00000000c0000000, 0x00000000da780000, 0x00000000eab00000)
  object space 433664K, 93% used [0x00000000c0000000,0x00000000d8b81538,0x00000000da780000)
 Metaspace       used 69574K, committed 70656K, reserved 1114112K
  class space    used 7341K, committed 7872K, reserved 1048576K
}
Event: 224.931 GC heap before
{Heap before GC invocations=188 (full 9):
 PSYoungGen      total 2048K, used 2045K [0x00000000eab00000, 0x00000000eaf00000, 0x0000000100000000)
  eden space 1536K, 99% used [0x00000000eab00000,0x00000000eac7f4d0,0x00000000eac80000)
  from space 512K, 100% used [0x00000000eae00000,0x00000000eae80000,0x00000000eae80000)
  to   space 512K, 0% used [0x00000000eae80000,0x00000000eae80000,0x00000000eaf00000)
 ParOldGen       total 433664K, used 404997K [0x00000000c0000000, 0x00000000da780000, 0x00000000eab00000)
  object space 433664K, 93% used [0x00000000c0000000,0x00000000d8b81538,0x00000000da780000)
 Metaspace       used 69722K, committed 70784K, reserved 1114112K
  class space    used 7374K, committed 7872K, reserved 1048576K
}
Event: 224.937 GC heap after
{Heap after GC invocations=188 (full 9):
 PSYoungGen      total 2048K, used 192K [0x00000000eab00000, 0x00000000eaf00000, 0x0000000100000000)
  eden space 1536K, 0% used [0x00000000eab00000,0x00000000eab00000,0x00000000eac80000)
  from space 512K, 37% used [0x00000000eae80000,0x00000000eaeb0000,0x00000000eaf00000)
  to   space 512K, 0% used [0x00000000eae00000,0x00000000eae00000,0x00000000eae80000)
 ParOldGen       total 433664K, used 405293K [0x00000000c0000000, 0x00000000da780000, 0x00000000eab00000)
  object space 433664K, 93% used [0x00000000c0000000,0x00000000d8bcb538,0x00000000da780000)
 Metaspace       used 69722K, committed 70784K, reserved 1114112K
  class space    used 7374K, committed 7872K, reserved 1048576K
}
Event: 225.050 GC heap before
{Heap before GC invocations=189 (full 9):
 PSYoungGen      total 2048K, used 1728K [0x00000000eab00000, 0x00000000eaf00000, 0x0000000100000000)
  eden space 1536K, 100% used [0x00000000eab00000,0x00000000eac80000,0x00000000eac80000)
  from space 512K, 37% used [0x00000000eae80000,0x00000000eaeb0000,0x00000000eaf00000)
  to   space 512K, 0% used [0x00000000eae00000,0x00000000eae00000,0x00000000eae80000)
 ParOldGen       total 433664K, used 405293K [0x00000000c0000000, 0x00000000da780000, 0x00000000eab00000)
  object space 433664K, 93% used [0x00000000c0000000,0x00000000d8bcb538,0x00000000da780000)
 Metaspace       used 69911K, committed 71040K, reserved 1114112K
  class space    used 7401K, committed 7936K, reserved 1048576K
}
Event: 225.057 GC heap after
{Heap after GC invocations=189 (full 9):
 PSYoungGen      total 2048K, used 224K [0x00000000eab00000, 0x00000000eaf00000, 0x0000000100000000)
  eden space 1536K, 0% used [0x00000000eab00000,0x00000000eab00000,0x00000000eac80000)
  from space 512K, 43% used [0x00000000eae00000,0x00000000eae38000,0x00000000eae80000)
  to   space 512K, 0% used [0x00000000eae80000,0x00000000eae80000,0x00000000eaf00000)
 ParOldGen       total 433664K, used 405293K [0x00000000c0000000, 0x00000000da780000, 0x00000000eab00000)
  object space 433664K, 93% used [0x00000000c0000000,0x00000000d8bcb538,0x00000000da780000)
 Metaspace       used 69911K, committed 71040K, reserved 1114112K
  class space    used 7401K, committed 7936K, reserved 1048576K
}
Event: 225.172 GC heap before
{Heap before GC invocations=190 (full 9):
 PSYoungGen      total 2048K, used 1760K [0x00000000eab00000, 0x00000000eaf00000, 0x0000000100000000)
  eden space 1536K, 100% used [0x00000000eab00000,0x00000000eac80000,0x00000000eac80000)
  from space 512K, 43% used [0x00000000eae00000,0x00000000eae38000,0x00000000eae80000)
  to   space 512K, 0% used [0x00000000eae80000,0x00000000eae80000,0x00000000eaf00000)
 ParOldGen       total 433664K, used 405293K [0x00000000c0000000, 0x00000000da780000, 0x00000000eab00000)
  object space 433664K, 93% used [0x00000000c0000000,0x00000000d8bcb538,0x00000000da780000)
 Metaspace       used 70170K, committed 71232K, reserved 1114112K
  class space    used 7434K, committed 7936K, reserved 1048576K
}
Event: 225.179 GC heap after
{Heap after GC invocations=190 (full 9):
 PSYoungGen      total 2048K, used 320K [0x00000000eab00000, 0x00000000eaf00000, 0x0000000100000000)
  eden space 1536K, 0% used [0x00000000eab00000,0x00000000eab00000,0x00000000eac80000)
  from space 512K, 62% used [0x00000000eae80000,0x00000000eaed0000,0x00000000eaf00000)
  to   space 512K, 0% used [0x00000000eae00000,0x00000000eae00000,0x00000000eae80000)
 ParOldGen       total 433664K, used 405293K [0x00000000c0000000, 0x00000000da780000, 0x00000000eab00000)
  object space 433664K, 93% used [0x00000000c0000000,0x00000000d8bcb538,0x00000000da780000)
 Metaspace       used 70170K, committed 71232K, reserved 1114112K
  class space    used 7434K, committed 7936K, reserved 1048576K
}
Event: 225.438 GC heap before
{Heap before GC invocations=191 (full 9):
 PSYoungGen      total 2048K, used 1856K [0x00000000eab00000, 0x00000000eaf00000, 0x0000000100000000)
  eden space 1536K, 100% used [0x00000000eab00000,0x00000000eac80000,0x00000000eac80000)
  from space 512K, 62% used [0x00000000eae80000,0x00000000eaed0000,0x00000000eaf00000)
  to   space 512K, 0% used [0x00000000eae00000,0x00000000eae00000,0x00000000eae80000)
 ParOldGen       total 433664K, used 405293K [0x00000000c0000000, 0x00000000da780000, 0x00000000eab00000)
  object space 433664K, 93% used [0x00000000c0000000,0x00000000d8bcb538,0x00000000da780000)
 Metaspace       used 70424K, committed 71616K, reserved 1114112K
  class space    used 7492K, committed 8064K, reserved 1048576K
}
Event: 225.453 GC heap after
{Heap after GC invocations=191 (full 9):
 PSYoungGen      total 2048K, used 352K [0x00000000eab00000, 0x00000000eaf00000, 0x0000000100000000)
  eden space 1536K, 0% used [0x00000000eab00000,0x00000000eab00000,0x00000000eac80000)
  from space 512K, 68% used [0x00000000eae00000,0x00000000eae58000,0x00000000eae80000)
  to   space 512K, 0% used [0x00000000eae80000,0x00000000eae80000,0x00000000eaf00000)
 ParOldGen       total 433664K, used 405293K [0x00000000c0000000, 0x00000000da780000, 0x00000000eab00000)
  object space 433664K, 93% used [0x00000000c0000000,0x00000000d8bcb538,0x00000000da780000)
 Metaspace       used 70424K, committed 71616K, reserved 1114112K
  class space    used 7492K, committed 8064K, reserved 1048576K
}

